INFO:     Will watch for changes in these directories: ['C:\\Users\\aewal\\farmavigia-concurso\\backend']
INFO:     Uvicorn running on http://0.0.0.0:8000 (Press CTRL+C to quit)
INFO:     Started reloader process [15704] using StatReload
INFO:     Started server process [10320]
INFO:     Waiting for application startup.
INFO:     Application startup complete.
WARNING:  StatReload detected changes in 'check_db.py'. Reloading...
INFO:     Shutting down
INFO:     Waiting for application shutdown.
INFO:     Application shutdown complete.
INFO:     Finished server process [10320]
INFO:     Started server process [20492]
INFO:     Waiting for application startup.
INFO:     Application startup complete.
WARNING:  StatReload detected changes in 'app\models\__init__.py'. Reloading...
INFO:     Shutting down
INFO:     Waiting for application shutdown.
INFO:     Application shutdown complete.
INFO:     Finished server process [20492]
INFO:     Started server process [14004]
INFO:     Waiting for application startup.
INFO:     Application startup complete.
